Error: Error: No published versions on GitHub
    at newError (C:\aissa\release\win-unpacked\resources\app.asar\node_modules\electron-updater\node_modules\builder-util-runtime\out\error.js:5:19)
    at XElement.element (C:\aissa\release\win-unpacked\resources\app.asar\node_modules\electron-updater\node_modules\builder-util-runtime\out\xml.js:36:40)
    at GitHubProvider.getLatestVersion (C:\aissa\release\win-unpacked\resources\app.asar\node_modules\electron-updater\out\providers\GitHubProvider.js:48:34)
    at process.processTicksAndRejections (node:internal/process/task_queues:95:5)
    at async NsisUpdater.getUpdateInfoAndProvider (C:\aissa\release\win-unpacked\resources\app.asar\node_modules\electron-updater\out\AppUpdater.js:389:19)
    at async NsisUpdater.doCheckForUpdates (C:\aissa\release\win-unpacked\resources\app.asar\node_modules\electron-updater\out\AppUpdater.js:402:24)
[Updater] Error occurred: Error: No published versions on GitHub
    at newError (C:\aissa\release\win-unpacked\resources\app.asar\node_modules\electron-updater\node_modules\builder-util-runtime\out\error.js:5:19)
    at XElement.element (C:\aissa\release\win-unpacked\resources\app.asar\node_modules\electron-updater\node_modules\builder-util-runtime\out\xml.js:36:40)
    at GitHubProvider.getLatestVersion (C:\aissa\release\win-unpacked\resources\app.asar\node_modules\electron-updater\out\providers\GitHubProvider.js:48:34)
    at process.processTicksAndRejections (node:internal/process/task_queues:95:5)
    at async NsisUpdater.getUpdateInfoAndProvider (C:\aissa\release\win-unpacked\resources\app.asar\node_modules\electron-updater\out\AppUpdater.js:389:19)
    at async NsisUpdater.doCheckForUpdates (C:\aissa\release\win-unpacked\resources\app.asar\node_modules\electron-updater\out\AppUpdater.js:402:24) {
  code: 'ERR_XML_MISSED_ELEMENT'
}
[Updater] Failed to check for updates: Error: No published versions on GitHub
    at newError (C:\aissa\release\win-unpacked\resources\app.asar\node_modules\electron-updater\node_modules\builder-util-runtime\out\error.js:5:19)
    at XElement.element (C:\aissa\release\win-unpacked\resources\app.asar\node_modules\electron-updater\node_modules\builder-util-runtime\out\xml.js:36:40)
    at GitHubProvider.getLatestVersion (C:\aissa\release\win-unpacked\resources\app.asar\node_modules\electron-updater\out\providers\GitHubProvider.js:48:34)
    at process.processTicksAndRejections (node:internal/process/task_queues:95:5)
    at async NsisUpdater.getUpdateInfoAndProvider (C:\aissa\release\win-unpacked\resources\app.asar\node_modules\electron-updater\out\AppUpdater.js:389:19)
    at async NsisUpdater.doCheckForUpdates (C:\aissa\release\win-unpacked\resources\app.asar\node_modules\electron-updater\out\AppUpdater.js:402:24) {
  code: 'ERR_XML_MISSED_ELEMENT'
}
