
[DatabaseService] DB path: C:\Users\blbl\AppData\Roaming\spare-parts-erp\SparePartsERP\spare_parts.db
[DatabaseService] Obligatory DB Diagnostics: PRAGMA integrity_check...
[DatabaseService] Integrity check results: [{"integrity_check":"ok"}]
[DatabaseService] Obligatory DB Diagnostics: PRAGMA foreign_key_check...
[DatabaseService] Foreign key check results: []
[DatabaseService] All tables created
[DatabaseService] ✅ Additional duplicate prevention constraints and delete triggers added, edit triggers dropped
[DatabaseService] Accounting indexes ensured
[DatabaseService] ✅ Low stock triggers added
[DatabaseService] ✅ Users avatar, color, permissions columns, roles and default admin PIN ensured
[DatabaseService] Users already seeded, checking vehicles...
[DatabaseService] Clearing old search dictionary and seeding 1000+ Algerian terms...
[DatabaseService] Seeding Bulbul Smart Search Dictionary completed successfully. Seeded count: 0
[DatabaseService] Running self-healing for usage learning and fitment tables...
[DatabaseService] ✅ Usage learning and fitment tables healed successfully.
[DatabaseService] Initialized successfully
[Main] Database initialized
[Accounting Reconciler] Starting financial data reconciliation...
[Accounting Reconciler] Syncing customer balances with double-entry ledger...
[Accounting Reconciler] Syncing supplier balances with double-entry ledger...
[Accounting Reconciler] Syncing cash box balance with double-entry ledger...
[Accounting Reconciler] Financial data reconciliation completed successfully.
[IPC] Products handlers registered
[IPC] Dashboard handlers registered
[IPC] Catalog handlers registered (categories, brands, units, locations)
[IPC] Parties handlers registered (customers, suppliers)
[IPC] Users handlers registered
[IPC] Sales handlers registered
[IPC] Purchases handlers registered
[IPC] Batches handlers registered
[IPC] Vehicles handlers registered
[IPC] Expenses handlers registered
[IPC] Reports handlers registered
[IPC] Inventory handlers registered
[IPC] Settings & Backup handlers registered
[IPC] Print handlers registered
[IPC] Accounting handlers registered (closing, audit, reports, permissions)
[IPC] Inventory Count handlers registered
[IPC] Mobile integration IPC handlers registered
[Main] All IPC modules registered
[BackupService] Auto backup scheduler started
[MobileBridge] Starting bridge...
[WebSocketServer] Listening on port 8765
[MobileBridge] Bridge started successfully
Checking for update
[Updater] Checking for updates...
[HttpServer] Listening on port 8766
[UdpDiscovery] Socket bound and broadcasting on port 8769
